Running dataset=tid2013 data_root=/local/data/b-s-farrahi phase=test
Loading dataset tid2013 with phase='test', split_index='ratio622_seed123_split_01' from /local/data/b-s-farrahi...
Loading dataset tid2013 from /local/data/b-s-farrahi ...
✓ Dataset tid2013 loaded successfully with 600 samples from phase='test'
Warning: Could not read existing /local/outputs/preds/tid2013/test/preds_arniqa.csv: No columns to parse from file
/opt/conda/lib/python3.10/site-packages/torch/hub.py:884: UserWarning: 'torch.load' received a zip file that looks like a TorchScript archive dispatching to 'torch.jit.load' (call 'torch.jit.load' directly to silence this warning)
  return torch.load(cached_file, map_location=map_location, weights_only=weights_only)
Warmup done with 5 iterations on first image.
Running expert 'arniqa' on 600 images (tid2013 phase='test' split='ratio622_seed123_split_01')
Resuming (done=0)...
Traceback (most recent call last):
  File "/local/code/pyiqa_pipeline/02_run_experts_pyiqa.py", line 168, in <module>
    main()
  File "/local/code/pyiqa_pipeline/02_run_experts_pyiqa.py", line 139, in main
    y = model(img_path)
  File "/opt/conda/lib/python3.10/site-packages/torch/nn/modules/module.py", line 1776, in _wrapped_call_impl
    return self._call_impl(*args, **kwargs)
  File "/opt/conda/lib/python3.10/site-packages/torch/nn/modules/module.py", line 1787, in _call_impl
    return forward_call(*args, **kwargs)
  File "/opt/conda/lib/python3.10/site-packages/pyiqa/models/inference_model.py", line 99, in forward
    target = imread2tensor(target, rgb=True)
  File "/opt/conda/lib/python3.10/site-packages/pyiqa/utils/img_util.py", line 60, in imread2tensor
    img = imread2pil(img_source, rgb)
  File "/opt/conda/lib/python3.10/site-packages/pyiqa/utils/img_util.py", line 43, in imread2pil
    img = Image.open(img_source)
  File "/opt/conda/lib/python3.10/site-packages/PIL/Image.py", line 3247, in open
    fp = builtins.open(filename, "rb")
FileNotFoundError: [Errno 2] No such file or directory: '/local/data/b-s-farrahi/tid2013/distorted_images/I08_11_1.BMP'
