Running dataset=livec data_root=/local/data/b-s-farrahi phase=test
Loading dataset livec from /local/data/b-s-farrahi ...
/opt/conda/lib/python3.10/site-packages/torch/hub.py:884: UserWarning: 'torch.load' received a zip file that looks like a TorchScript archive dispatching to 'torch.jit.load' (call 'torch.jit.load' directly to silence this warning)
  return torch.load(cached_file, map_location=map_location, weights_only=weights_only)
Gonna run expert arniqa on 1161 images of dataset livec phase test split 
with count of warmup images: 5
Resuming with done=9 images already processed)...
arniqa: 200/1161 processed
arniqa: 400/1161 processed
arniqa: 600/1161 processed
arniqa: 800/1161 processed
arniqa: 1000/1161 processed
arniqa: 1161/1161 processed
Saved 1152 rows to /local/outputs/preds/livec/test/preds_arniqa.csv
/opt/conda/lib/python3.10/site-packages/transformers/utils/hub.py:124: FutureWarning: Using `TRANSFORMERS_CACHE` is deprecated and will be removed in v5 of Transformers. Use `HF_HOME` instead.
  warnings.warn(
/opt/conda/lib/python3.10/site-packages/huggingface_hub/file_download.py:949: FutureWarning: `resume_download` is deprecated and will be removed in version 1.0.0. Downloads always resume when possible. If you want to force a new download, use `force_download=True`.
  warnings.warn(
A new version of the following files was downloaded from https://huggingface.co/q-future/Compare2Score:
- configuration_mplug_owl2.py
. Make sure to double-check they do not contain any added malicious code. To avoid downloading new versions of the code file, you can pin a revision.
A new version of the following files was downloaded from https://huggingface.co/q-future/Compare2Score:
- modeling_mplug_owl2.py
. Make sure to double-check they do not contain any added malicious code. To avoid downloading new versions of the code file, you can pin a revision.
Downloading shards:   0%|          | 0/4 [00:00<?, ?it/s]Downloading shards: 100%|██████████| 4/4 [00:00<00:00, 2160.06it/s]
Instantiating LlamaAttention without passing `layer_idx` is not recommended and will to errors during the forward call, if caching is used. Please make sure to provide a `layer_idx` when creating this class.
/opt/conda/lib/python3.10/site-packages/huggingface_hub/file_download.py:949: FutureWarning: `resume_download` is deprecated and will be removed in version 1.0.0. Downloads always resume when possible. If you want to force a new download, use `force_download=True`.
  warnings.warn(
Using the latest cached version of the dataset since VQA-CityU/Anchor_images couldn't be found on the Hugging Face Hub (offline mode is enabled).
Found the latest cached dataset configuration 'default' at /pip-cache/hf/datasets/VQA-CityU___anchor_images/default/0.0.0/60ba574874d01e2f1bee0e8afe8e2cb187ede13e (last modified on Mon Feb  9 22:25:47 2026).
Loading checkpoint shards:   0%|          | 0/4 [00:00<?, ?it/s]Loading checkpoint shards:  25%|██▌       | 1/4 [00:02<00:08,  2.67s/it]Loading checkpoint shards:  50%|█████     | 2/4 [00:05<00:05,  2.60s/it]Loading checkpoint shards:  75%|███████▌  | 3/4 [00:07<00:02,  2.64s/it]Loading checkpoint shards: 100%|██████████| 4/4 [00:09<00:00,  2.09s/it]Loading checkpoint shards: 100%|██████████| 4/4 [00:09<00:00,  2.29s/it]
/opt/conda/lib/python3.10/site-packages/transformers/generation/configuration_utils.py:392: UserWarning: `do_sample` is set to `False`. However, `temperature` is set to `0.9` -- this flag is only used in sample-based generation modes. You should set `do_sample=True` or unset `temperature`. This was detected when initializing the generation config instance, which means the corresponding file may hold incorrect parameterization and should be fixed.
  warnings.warn(
/opt/conda/lib/python3.10/site-packages/transformers/generation/configuration_utils.py:397: UserWarning: `do_sample` is set to `False`. However, `top_p` is set to `0.6` -- this flag is only used in sample-based generation modes. You should set `do_sample=True` or unset `top_p`. This was detected when initializing the generation config instance, which means the corresponding file may hold incorrect parameterization and should be fixed.
  warnings.warn(
Gonna run expert compare2score on 1161 images of dataset livec phase test split 
with count of warmup images: 5
Resuming with done=9 images already processed)...
